#
# There is insufficient memory for the Java Runtime Environment to continue.
# Native memory allocation (malloc) failed to allocate 90416 bytes for Chunk::new
# Possible reasons:
#   The system is out of physical RAM or swap space
#   The process is running with CompressedOops enabled, and the Java Heap may be blocking the growth of the native heap
# Possible solutions:
#   Reduce memory load on the system
#   Increase physical memory or swap space
#   Check if swap backing store is full
#   Decrease Java heap size (-Xmx/-Xms)
#   Decrease number of Java threads
#   Decrease Java thread stack sizes (-Xss)
#   Set larger code cache with -XX:ReservedCodeCacheSize=
#   JVM is running with Unscaled Compressed Oops mode in which the Java heap is
#     placed in the first 4GB address space. The Java Heap base address is the
#     maximum limit for the native heap growth. Please use -XX:HeapBaseMinAddress
#     to set the Java Heap base and to place the Java Heap above 4GB virtual address.
# This output file may be truncated or incomplete.
#
#  Out of Memory Error (allocation.cpp:389), pid=14004, tid=0x00000000000033bc
#
# JRE version: OpenJDK Runtime Environment (8.0_242-b01) (build 1.8.0_242-release-1644-b01)
# Java VM: OpenJDK 64-Bit Server VM (25.242-b01 mixed mode windows-amd64 compressed oops)
# Failed to write core dump. Minidumps are not enabled by default on client versions of Windows
#

---------------  T H R E A D  ---------------

Current thread (0x000000001802d000):  JavaThread "C2 CompilerThread1" daemon [_thread_in_native, id=13244, stack(0x000000001a7f0000,0x000000001a8f0000)]

Stack: [0x000000001a7f0000,0x000000001a8f0000]
[error occurred during error reporting (printing stack bounds), id 0xc0000005]

Native frames: (J=compiled Java code, j=interpreted, Vv=VM code, C=native code)


Current CompileTask:
C2:  47922 18504   !   4       java.io.ObjectOutputStream::writeObject0 (619 bytes)


---------------  P R O C E S S  ---------------

Java Threads: ( => current thread )
  0x000000001ffff800 JavaThread "pool-7-thread-1" [_thread_in_vm, id=16688, stack(0x0000000031a40000,0x0000000031b40000)]
  0x000000001fff7800 JavaThread "RMI TCP Connection(3)-127.0.0.1" daemon [_thread_in_native, id=21512, stack(0x0000000036ef0000,0x0000000036ff0000)]
  0x000000001fff5000 JavaThread "RMI RenewClean-[127.0.0.1:17370,org.jetbrains.kotlin.daemon.common.LoopbackNetworkInterface$ClientLoopbackSocketFactory@3d74b2ac]" daemon [_thread_blocked, id=5492, stack(0x0000000035fc0000,0x00000000360c0000)]
  0x000000001fffc800 JavaThread "WorkerExecutor Queue Thread 8" [_thread_blocked, id=15892, stack(0x0000000032540000,0x0000000032640000)]
  0x000000001fffa800 JavaThread "RMI TCP Connection(4)-127.0.0.1" daemon [_thread_in_native, id=17932, stack(0x00000000360c0000,0x00000000361c0000)]
  0x000000001fff6800 JavaThread "WorkerExecutor Queue Thread 7" [_thread_blocked, id=3184, stack(0x00000000354c0000,0x00000000355c0000)]
  0x000000001fffc000 JavaThread "RMI TCP Connection(1)-127.0.0.1" daemon [_thread_in_native, id=8060, stack(0x00000000358c0000,0x00000000359c0000)]
  0x000000001fff4800 JavaThread "RMI Reaper" [_thread_blocked, id=21288, stack(0x00000000357c0000,0x00000000358c0000)]
  0x000000001fff3000 JavaThread "RMI TCP Accept-0" daemon [_thread_in_native, id=12580, stack(0x00000000356c0000,0x00000000357c0000)]
  0x000000001fff9800 JavaThread "GC Daemon" daemon [_thread_blocked, id=11248, stack(0x00000000355c0000,0x00000000356c0000)]
  0x000000001fff3800 JavaThread "RMI Scheduler(0)" daemon [_thread_blocked, id=2368, stack(0x00000000353c0000,0x00000000354c0000)]
  0x00000000219d5000 JavaThread "stdout" daemon [_thread_in_native, id=14920, stack(0x00000000350c0000,0x00000000351c0000)]
  0x00000000219d4800 JavaThread "stderr" daemon [_thread_in_native, id=6528, stack(0x0000000034fc0000,0x00000000350c0000)]
  0x00000000219d6000 JavaThread "WorkerExecutor Queue Thread 6" [_thread_blocked, id=21068, stack(0x0000000033ed0000,0x0000000033fd0000)]
  0x00000000219d3000 JavaThread "WorkerExecutor Queue Thread 4" [_thread_blocked, id=7872, stack(0x0000000033dd0000,0x0000000033ed0000)]
  0x00000000219d7800 JavaThread "WorkerExecutor Queue Thread 3" [_thread_blocked, id=22448, stack(0x0000000032a20000,0x0000000032b20000)]
  0x00000000219d1800 JavaThread "WorkerExecutor Queue Thread 2" [_thread_blocked, id=28220, stack(0x0000000032340000,0x0000000032440000)]
  0x00000000219cf000 JavaThread "WorkerExecutor Queue" [_thread_blocked, id=25880, stack(0x0000000032240000,0x0000000032340000)]
  0x00000000219d0800 JavaThread "Cache worker for execution history cache (D:\MultiModuleAppKotlin\.gradle\6.5\executionHistory)" [_thread_blocked, id=13012, stack(0x0000000032140000,0x0000000032240000)]
  0x0000000020d15000 JavaThread "Cache worker for file content cache (D:\MultiModuleAppKotlin\.gradle\6.5\fileContent)" [_thread_blocked, id=16080, stack(0x0000000031280000,0x0000000031380000)]
  0x0000000020d13800 JavaThread "Cache worker for Build Output Cleanup Cache (D:\MultiModuleAppKotlin\.gradle\buildOutputCleanup)" [_thread_blocked, id=26256, stack(0x0000000030780000,0x0000000030880000)]
  0x0000000020d70800 JavaThread "Build operations Thread 8" [_thread_blocked, id=25520, stack(0x0000000030680000,0x0000000030780000)]
  0x0000000020d71800 JavaThread "Build operations Thread 7" [_thread_blocked, id=2640, stack(0x00000000269f0000,0x0000000026af0000)]
  0x0000000020d70000 JavaThread "Build operations Thread 6" [_thread_blocked, id=14544, stack(0x00000000268f0000,0x00000000269f0000)]
  0x0000000020d63000 JavaThread "Build operations Thread 5" [_thread_blocked, id=11952, stack(0x00000000267f0000,0x00000000268f0000)]
  0x0000000020d68800 JavaThread "Build operations Thread 4" [_thread_blocked, id=13888, stack(0x00000000266f0000,0x00000000267f0000)]
  0x0000000020d69000 JavaThread "Build operations Thread 3" [_thread_blocked, id=15160, stack(0x00000000265f0000,0x00000000266f0000)]
  0x0000000020d6a000 JavaThread "Build operations Thread 2" [_thread_blocked, id=22940, stack(0x00000000264f0000,0x00000000265f0000)]
  0x0000000020d66000 JavaThread "Build operations" [_thread_blocked, id=12612, stack(0x00000000263f0000,0x00000000264f0000)]
  0x0000000020d64800 JavaThread "Cache worker for cache directory md-rule (C:\Users\Administrator\.gradle\caches\6.5\md-rule)" [_thread_blocked, id=8916, stack(0x00000000262f0000,0x00000000263f0000)]
  0x0000000020b64000 JavaThread "Cache worker for cache directory md-supplier (C:\Users\Administrator\.gradle\caches\6.5\md-supplier)" [_thread_blocked, id=6912, stack(0x0000000024a10000,0x0000000024b10000)]
  0x0000000020b63800 JavaThread "Cache worker for checksums cache (D:\MultiModuleAppKotlin\.gradle\checksums)" [_thread_blocked, id=15080, stack(0x0000000024110000,0x0000000024210000)]
  0x0000000020b62800 JavaThread "Cache worker for file hash cache (D:\MultiModuleAppKotlin\.gradle\6.5\fileHashes)" [_thread_blocked, id=15808, stack(0x0000000022710000,0x0000000022810000)]
  0x0000000020b62000 JavaThread "Thread-153" [_thread_blocked, id=21888, stack(0x000000001e910000,0x000000001ea10000)]
  0x0000000020b60800 JavaThread "Stdin handler" [_thread_blocked, id=23968, stack(0x000000001e810000,0x000000001e910000)]
  0x0000000020b61000 JavaThread "Asynchronous log dispatcher for DefaultDaemonConnection: socket connection from /127.0.0.1:64082 to /127.0.0.1:64099" [_thread_blocked, id=7056, stack(0x000000001e710000,0x000000001e810000)]
  0x0000000020b59000 JavaThread "Cancel handler" [_thread_blocked, id=2036, stack(0x000000001e410000,0x000000001e510000)]
  0x0000000020b5f800 JavaThread "Handler for socket connection from /127.0.0.1:64082 to /127.0.0.1:64099" [_thread_in_native, id=15216, stack(0x000000001e310000,0x000000001e410000)]
  0x0000000020b59800 JavaThread "Memory manager" [_thread_blocked, id=12800, stack(0x000000002e660000,0x000000002e760000)]
  0x000000001b27b800 JavaThread "jar transforms Thread 113" [_thread_blocked, id=21392, stack(0x000000002c4f0000,0x000000002c5f0000)]
  0x000000001b27f800 JavaThread "jar transforms Thread 112" [_thread_blocked, id=3780, stack(0x000000002c3f0000,0x000000002c4f0000)]
  0x000000001b27e800 JavaThread "jar transforms Thread 111" [_thread_blocked, id=22152, stack(0x000000002c2f0000,0x000000002c3f0000)]
  0x000000001b27d000 JavaThread "jar transforms Thread 110" [_thread_blocked, id=6624, stack(0x000000002c1f0000,0x000000002c2f0000)]
  0x000000001b27c800 JavaThread "jar transforms Thread 109" [_thread_blocked, id=11724, stack(0x000000002c0f0000,0x000000002c1f0000)]
  0x000000001b27e000 JavaThread "jar transforms Thread 108" [_thread_blocked, id=25620, stack(0x000000002bff0000,0x000000002c0f0000)]
  0x000000001b281800 JavaThread "jar transforms Thread 107" [_thread_blocked, id=2816, stack(0x000000002bef0000,0x000000002bff0000)]
  0x000000001b281000 JavaThread "jar transforms Thread 106" [_thread_blocked, id=18052, stack(0x000000002bdf0000,0x000000002bef0000)]
  0x000000001b280000 JavaThread "jar transforms Thread 105" [_thread_blocked, id=13616, stack(0x000000002bcf0000,0x000000002bdf0000)]
  0x000000001b274000 JavaThread "jar transforms Thread 104" [_thread_blocked, id=17760, stack(0x000000002bbf0000,0x000000002bcf0000)]
  0x000000001b27b000 JavaThread "jar transforms Thread 103" [_thread_blocked, id=25368, stack(0x000000002b9f0000,0x000000002baf0000)]
  0x000000001b273800 JavaThread "jar transforms Thread 102" [_thread_blocked, id=23756, stack(0x000000002b8f0000,0x000000002b9f0000)]
  0x000000001b27a000 JavaThread "jar transforms Thread 101" [_thread_blocked, id=26840, stack(0x000000002b7f0000,0x000000002b8f0000)]
  0x000000001b272800 JavaThread "jar transforms Thread 100" [_thread_blocked, id=15720, stack(0x000000002b6f0000,0x000000002b7f0000)]
  0x000000001b279800 JavaThread "jar transforms Thread 99" [_thread_blocked, id=26200, stack(0x000000002b5f0000,0x000000002b6f0000)]
  0x000000001b278800 JavaThread "jar transforms Thread 98" [_thread_blocked, id=17204, stack(0x000000002b4f0000,0x000000002b5f0000)]
  0x000000001b278000 JavaThread "jar transforms Thread 97" [_thread_blocked, id=8132, stack(0x000000002b3f0000,0x000000002b4f0000)]
  0x000000001b277000 JavaThread "jar transforms Thread 96" [_thread_blocked, id=19096, stack(0x000000002b2f0000,0x000000002b3f0000)]
  0x000000001b275800 JavaThread "jar transforms Thread 95" [_thread_blocked, id=28076, stack(0x000000002b1f0000,0x000000002b2f0000)]
  0x000000001b276800 JavaThread "jar transforms Thread 94" [_thread_blocked, id=29316, stack(0x000000002b0f0000,0x000000002b1f0000)]
  0x000000001b275000 JavaThread "jar transforms Thread 93" [_thread_blocked, id=4936, stack(0x000000002aff0000,0x000000002b0f0000)]
  0x000000001b4ec000 JavaThread "jar transforms Thread 92" [_thread_blocked, id=28480, stack(0x000000002aef0000,0x000000002aff0000)]
  0x000000001b4e4800 JavaThread "jar transforms Thread 91" [_thread_blocked, id=27120, stack(0x000000002adf0000,0x000000002aef0000)]
  0x000000001b4e8000 JavaThread "jar transforms Thread 90" [_thread_blocked, id=5504, stack(0x000000002acf0000,0x000000002adf0000)]
  0x000000001b4ea800 JavaThread "jar transforms Thread 89" [_thread_blocked, id=24660, stack(0x000000002abf0000,0x000000002acf0000)]
  0x000000001b4e5000 JavaThread "jar transforms Thread 88" [_thread_blocked, id=10976, stack(0x000000002aaf0000,0x000000002abf0000)]
  0x000000001b4e9800 JavaThread "jar transforms Thread 87" [_thread_blocked, id=21364, stack(0x000000002a9f0000,0x000000002aaf0000)]
  0x000000001b4e6000 JavaThread "jar transforms Thread 86" [_thread_blocked, id=25004, stack(0x000000002a8f0000,0x000000002a9f0000)]
  0x000000001b4e7800 JavaThread "jar transforms Thread 85" [_thread_blocked, id=16936, stack(0x000000002a7f0000,0x000000002a8f0000)]
  0x000000001b4eb000 JavaThread "jar transforms Thread 84" [_thread_blocked, id=528, stack(0x000000002a6f0000,0x000000002a7f0000)]
  0x000000001b4e6800 JavaThread "jar transforms Thread 83" [_thread_blocked, id=24612, stack(0x000000002a5f0000,0x000000002a6f0000)]
  0x000000001b4e9000 JavaThread "jar transforms Thread 82" [_thread_blocked, id=23932, stack(0x000000002a4f0000,0x000000002a5f0000)]
  0x000000001b4dd000 JavaThread "jar transforms Thread 81" [_thread_blocked, id=3364, stack(0x000000002a3f0000,0x000000002a4f0000)]
  0x000000001b4e0800 JavaThread "jar transforms Thread 80" [_thread_blocked, id=7408, stack(0x000000002a2f0000,0x000000002a3f0000)]
  0x000000001b4e0000 JavaThread "jar transforms Thread 79" [_thread_blocked, id=13300, stack(0x000000002a1f0000,0x000000002a2f0000)]
  0x000000001b4df000 JavaThread "jar transforms Thread 78" [_thread_blocked, id=15716, stack(0x000000002a0f0000,0x000000002a1f0000)]
  0x000000001b4e2000 JavaThread "jar transforms Thread 77" [_thread_blocked, id=20536, stack(0x0000000029ff0000,0x000000002a0f0000)]
  0x000000001b4e3000 JavaThread "jar transforms Thread 76" [_thread_blocked, id=21864, stack(0x0000000029ef0000,0x0000000029ff0000)]
  0x000000001b4de800 JavaThread "jar transforms Thread 75" [_thread_blocked, id=13648, stack(0x0000000029df0000,0x0000000029ef0000)]
  0x000000001b4e3800 JavaThread "jar transforms Thread 74" [_thread_blocked, id=25696, stack(0x0000000029cf0000,0x0000000029df0000)]
  0x000000001b4dd800 JavaThread "jar transforms Thread 73" [_thread_blocked, id=12932, stack(0x0000000029bf0000,0x0000000029cf0000)]
  0x000000001b4e1800 JavaThread "jar transforms Thread 72" [_thread_blocked, id=26156, stack(0x0000000029af0000,0x0000000029bf0000)]
  0x00000000252b5800 JavaThread "jar transforms Thread 71" [_thread_blocked, id=22240, stack(0x00000000299f0000,0x0000000029af0000)]
  0x00000000252b4800 JavaThread "jar transforms Thread 70" [_thread_blocked, id=5736, stack(0x00000000298f0000,0x00000000299f0000)]
  0x00000000252b3000 JavaThread "jar transforms Thread 69" [_thread_blocked, id=14712, stack(0x00000000297f0000,0x00000000298f0000)]
  0x00000000252b4000 JavaThread "jar transforms Thread 68" [_thread_blocked, id=18944, stack(0x00000000296f0000,0x00000000297f0000)]
  0x00000000252b8800 JavaThread "jar transforms Thread 67" [_thread_blocked, id=26780, stack(0x00000000295f0000,0x00000000296f0000)]
  0x00000000252b8000 JavaThread "jar transforms Thread 66" [_thread_blocked, id=16452, stack(0x00000000294f0000,0x00000000295f0000)]
  0x00000000252b7000 JavaThread "jar transforms Thread 65" [_thread_blocked, id=5824, stack(0x00000000293f0000,0x00000000294f0000)]
  0x00000000252b9800 JavaThread "jar transforms Thread 64" [_thread_blocked, id=15364, stack(0x00000000292f0000,0x00000000293f0000)]
  0x00000000252b6800 JavaThread "jar transforms Thread 63" [_thread_blocked, id=19184, stack(0x00000000291f0000,0x00000000292f0000)]
  0x00000000252ab800 JavaThread "jar transforms Thread 62" [_thread_blocked, id=8888, stack(0x00000000290f0000,0x00000000291f0000)]
  0x00000000252b2800 JavaThread "jar transforms Thread 61" [_thread_blocked, id=10944, stack(0x0000000028ff0000,0x00000000290f0000)]
  0x00000000252b1800 JavaThread "jar transforms Thread 60" [_thread_blocked, id=6768, stack(0x0000000028ef0000,0x0000000028ff0000)]
  0x00000000252aa000 JavaThread "jar transforms Thread 59" [_thread_blocked, id=29168, stack(0x0000000028df0000,0x0000000028ef0000)]
  0x00000000252b1000 JavaThread "jar transforms Thread 58" [_thread_blocked, id=23684, stack(0x0000000028cf0000,0x0000000028df0000)]
  0x00000000252ac800 JavaThread "jar transforms Thread 57" [_thread_blocked, id=5316, stack(0x0000000028bf0000,0x0000000028cf0000)]
  0x00000000252b0000 JavaThread "jar transforms Thread 56" [_thread_blocked, id=1316, stack(0x0000000028af0000,0x0000000028bf0000)]
  0x00000000252af800 JavaThread "jar transforms Thread 55" [_thread_blocked, id=23192, stack(0x00000000289f0000,0x0000000028af0000)]
  0x00000000252ab000 JavaThread "jar transforms Thread 54" [_thread_blocked, id=15772, stack(0x00000000288f0000,0x00000000289f0000)]
  0x00000000252ad000 JavaThread "jar transforms Thread 53" [_thread_blocked, id=6604, stack(0x00000000287f0000,0x00000000288f0000)]
  0x00000000252ae800 JavaThread "jar transforms Thread 52" [_thread_blocked, id=22256, stack(0x00000000286f0000,0x00000000287f0000)]
  0x00000000252ae000 JavaThread "jar transforms Thread 51" [_thread_blocked, id=27056, stack(0x00000000285f0000,0x00000000286f0000)]
  0x00000000250f3800 JavaThread "jar transforms Thread 50" [_thread_blocked, id=19248, stack(0x00000000284f0000,0x00000000285f0000)]
  0x00000000250f1800 JavaThread "jar transforms Thread 49" [_thread_blocked, id=23244, stack(0x00000000283f0000,0x00000000284f0000)]
  0x00000000250f2800 JavaThread "jar transforms Thread 48" [_thread_blocked, id=32, stack(0x00000000282f0000,0x00000000283f0000)]
  0x00000000250f0000 JavaThread "jar transforms Thread 47" [_thread_blocked, id=6004, stack(0x00000000281f0000,0x00000000282f0000)]
  0x00000000250f1000 JavaThread "jar transforms Thread 46" [_thread_blocked, id=17384, stack(0x00000000280f0000,0x00000000281f0000)]
  0x00000000250ef800 JavaThread "jar transforms Thread 45" [_thread_blocked, id=6860, stack(0x0000000027ff0000,0x00000000280f0000)]
  0x00000000250e8000 JavaThread "jar transforms Thread 44" [_thread_blocked, id=17984, stack(0x0000000027ef0000,0x0000000027ff0000)]
  0x00000000250ee800 JavaThread "jar transforms Thread 43" [_thread_blocked, id=13532, stack(0x0000000027df0000,0x0000000027ef0000)]
  0x00000000250ee000 JavaThread "jar transforms Thread 42" [_thread_blocked, id=15368, stack(0x0000000027cf0000,0x0000000027df0000)]
  0x00000000250ed000 JavaThread "jar transforms Thread 41" [_thread_blocked, id=11332, stack(0x0000000027bf0000,0x0000000027cf0000)]
  0x00000000250ec800 JavaThread "jar transforms Thread 40" [_thread_blocked, id=13404, stack(0x0000000027af0000,0x0000000027bf0000)]
  0x00000000250e5000 JavaThread "jar transforms Thread 39" [_thread_blocked, id=572, stack(0x00000000279f0000,0x0000000027af0000)]
  0x00000000250e7000 JavaThread "jar transforms Thread 38" [_thread_blocked, id=27856, stack(0x00000000278f0000,0x00000000279f0000)]
  0x00000000250e5800 JavaThread "jar transforms Thread 37" [_thread_blocked, id=20016, stack(0x00000000277f0000,0x00000000278f0000)]
  0x00000000250e6800 JavaThread "jar transforms Thread 36" [_thread_blocked, id=15688, stack(0x00000000276f0000,0x00000000277f0000)]
  0x00000000250eb800 JavaThread "jar transforms Thread 35" [_thread_blocked, id=19640, stack(0x00000000275f0000,0x00000000276f0000)]
  0x00000000250e8800 JavaThread "jar transforms Thread 34" [_thread_blocked, id=2068, stack(0x00000000274f0000,0x00000000275f0000)]
  0x00000000250eb000 JavaThread "jar transforms Thread 33" [_thread_blocked, id=24460, stack(0x00000000273f0000,0x00000000274f0000)]
  0x00000000250ea000 JavaThread "jar transforms Thread 32" [_thread_blocked, id=27768, stack(0x00000000272f0000,0x00000000273f0000)]
  0x00000000250e9800 JavaThread "jar transforms Thread 31" [_thread_blocked, id=16716, stack(0x00000000271f0000,0x00000000272f0000)]
  0x00000000250e4000 JavaThread "jar transforms Thread 30" [_thread_blocked, id=18088, stack(0x00000000270f0000,0x00000000271f0000)]
  0x0000000020d6e800 JavaThread "jar transforms Thread 29" [_thread_blocked, id=7220, stack(0x0000000026ff0000,0x00000000270f0000)]
  0x0000000020d6d800 JavaThread "jar transforms Thread 28" [_thread_blocked, id=27944, stack(0x0000000026ef0000,0x0000000026ff0000)]
  0x0000000020d6f000 JavaThread "jar transforms Thread 27" [_thread_blocked, id=24852, stack(0x0000000026df0000,0x0000000026ef0000)]
  0x0000000020d6d000 JavaThread "jar transforms Thread 26" [_thread_blocked, id=14588, stack(0x0000000026cf0000,0x0000000026df0000)]
  0x0000000020d67800 JavaThread "Cache worker for file content cache (C:\Users\Administrator\.gradle\caches\6.5\fileContent)" [_thread_blocked, id=23688, stack(0x0000000024910000,0x0000000024a10000)]
  0x0000000020d65800 JavaThread "Cache worker for execution history cache (C:\Users\Administrator\.gradle\caches\6.5\executionHistory)" [_thread_blocked, id=29488, stack(0x0000000024410000,0x0000000024510000)]
  0x0000000020d16000 JavaThread "jar transforms Thread 25" [_thread_blocked, id=28328, stack(0x0000000023c10000,0x0000000023d10000)]
  0x0000000020d16800 JavaThread "jar transforms Thread 24" [_thread_blocked, id=4884, stack(0x0000000023b10000,0x0000000023c10000)]
  0x0000000020d18000 JavaThread "jar transforms Thread 23" [_thread_blocked, id=9316, stack(0x0000000023a10000,0x0000000023b10000)]
  0x0000000020d17800 JavaThread "jar transforms Thread 22" [_thread_blocked, id=11216, stack(0x0000000023910000,0x0000000023a10000)]
  0x0000000020d14800 JavaThread "jar transforms Thread 21" [_thread_blocked, id=12748, stack(0x0000000023810000,0x0000000023910000)]
  0x0000000020d0c800 JavaThread "jar transforms Thread 20" [_thread_blocked, id=14404, stack(0x0000000023710000,0x0000000023810000)]
  0x0000000020d13000 JavaThread "jar transforms Thread 19" [_thread_blocked, id=16396, stack(0x0000000023610000,0x0000000023710000)]
  0x0000000020d0b000 JavaThread "jar transforms Thread 18" [_thread_blocked, id=19268, stack(0x0000000023510000,0x0000000023610000)]
  0x0000000020d12000 JavaThread "jar transforms Thread 17" [_thread_blocked, id=3356, stack(0x0000000023410000,0x0000000023510000)]
  0x0000000020d0a800 JavaThread "jar transforms Thread 16" [_thread_blocked, id=13048, stack(0x0000000023310000,0x0000000023410000)]
  0x0000000020d11000 JavaThread "jar transforms Thread 15" [_thread_blocked, id=5320, stack(0x0000000023210000,0x0000000023310000)]
  0x0000000020d09800 JavaThread "jar transforms Thread 14" [_thread_blocked, id=15928, stack(0x0000000023110000,0x0000000023210000)]
  0x0000000020d10800 JavaThread "jar transforms Thread 13" [_thread_blocked, id=23400, stack(0x0000000023010000,0x0000000023110000)]
  0x0000000020d0f800 JavaThread "jar transforms Thread 12" [_thread_blocked, id=17252, stack(0x0000000022f10000,0x0000000023010000)]
  0x0000000020d0d800 JavaThread "jar transforms Thread 11" [_thread_blocked, id=16016, stack(0x0000000022e10000,0x0000000022f10000)]
  0x0000000020d0c000 JavaThread "jar transforms Thread 10" [_thread_blocked, id=2512, stack(0x0000000022d10000,0x0000000022e10000)]
  0x0000000020d0f000 JavaThread "jar transforms Thread 9" [_thread_blocked, id=21668, stack(0x0000000022c10000,0x0000000022d10000)]
  0x0000000020d0e000 JavaThread "jar transforms Thread 8" [_thread_blocked, id=14796, stack(0x0000000022b10000,0x0000000022c10000)]
  0x000000001cb91800 JavaThread "jar transforms Thread 7" [_thread_blocked, id=9616, stack(0x0000000022a10000,0x0000000022b10000)]
  0x000000001cb90000 JavaThread "jar transforms Thread 6" [_thread_blocked, id=29392, stack(0x0000000022910000,0x0000000022a10000)]
  0x000000001cb8f800 JavaThread "jar transforms Thread 5" [_thread_blocked, id=18828, stack(0x0000000022810000,0x0000000022910000)]
  0x000000001cb8e000 JavaThread "jar transforms Thread 4" [_thread_blocked, id=21064, stack(0x00000000213b0000,0x00000000214b0000)]
  0x000000001cb8e800 JavaThread "jar transforms Thread 3" [_thread_blocked, id=6892, stack(0x00000000212b0000,0x00000000213b0000)]
  0x000000001cb8d000 JavaThread "jar transforms Thread 2" [_thread_blocked, id=25088, stack(0x00000000211b0000,0x00000000212b0000)]
  0x000000001cb91000 JavaThread "jar transforms" [_thread_blocked, id=21904, stack(0x00000000210b0000,0x00000000211b0000)]
  0x000000001cb8b800 JavaThread "Cache worker for file hash cache (C:\Users\Administrator\.gradle\caches\6.5\fileHashes)" [_thread_blocked, id=17244, stack(0x000000001ee10000,0x000000001ef10000)]
  0x000000001cb92800 JavaThread "File lock request listener" [_thread_in_native, id=17412, stack(0x000000001ed10000,0x000000001ee10000)]
  0x000000001ad3a000 JavaThread "Cache worker for journal cache (C:\Users\Administrator\.gradle\caches\journal-1)" [_thread_blocked, id=8176, stack(0x000000001ec10000,0x000000001ed10000)]
  0x000000001ae0a800 JavaThread "Daemon worker" [_thread_in_native, id=5572, stack(0x000000001e610000,0x000000001e710000)]
  0x000000001ad23000 JavaThread "Daemon" [_thread_blocked, id=4716, stack(0x000000001e210000,0x000000001e310000)]
  0x000000001c843000 JavaThread "Daemon periodic checks" [_thread_blocked, id=23240, stack(0x000000001df10000,0x000000001e010000)]
  0x000000001c840800 JavaThread "Incoming local TCP Connector on port 64082" [_thread_in_native, id=3368, stack(0x000000001dcd0000,0x000000001ddd0000)]
  0x000000001c775800 JavaThread "Daemon health stats" [_thread_blocked, id=25952, stack(0x000000001d690000,0x000000001d790000)]
  0x0000000019eb2000 JavaThread "Service Thread" daemon [_thread_blocked, id=5312, stack(0x000000001aaf0000,0x000000001abf0000)]
  0x0000000019e31800 JavaThread "C1 CompilerThread3" daemon [_thread_in_vm, id=29000, stack(0x000000001a9f0000,0x000000001aaf0000)]
  0x000000001802e800 JavaThread "C2 CompilerThread2" daemon [_thread_blocked, id=10752, stack(0x000000001a8f0000,0x000000001a9f0000)]
=>0x000000001802d000 JavaThread "C2 CompilerThread1" daemon [_thread_in_native, id=13244, stack(0x000000001a7f0000,0x000000001a8f0000)]
  0x0000000019e26000 JavaThread "C2 CompilerThread0" daemon [_thread_blocked, id=29496, stack(0x000000001a6f0000,0x000000001a7f0000)]
  0x0000000019e25000 JavaThread "Attach Listener" daemon [_thread_blocked, id=3824, stack(0x000000001a5f0000,0x000000001a6f0000)]
  0x0000000019e24000 JavaThread "Signal Dispatcher" daemon [_thread_blocked, id=16972, stack(0x000000001a4f0000,0x000000001a5f0000)]
  0x0000000019e10800 JavaThread "Finalizer" daemon [_thread_blocked, id=16000, stack(0x000000001a2f0000,0x000000001a3f0000)]
  0x0000000002fa8000 JavaThread "Reference Handler" daemon [_thread_blocked, id=18508, stack(0x000000001a1f0000,0x000000001a2f0000)]
  0x00000000014be800 JavaThread "main" [_thread_blocked, id=10044, stack(0x0000000002db0000,0x0000000002eb0000)]

Other Threads:
  0x0000000018016800 VMThread [stack: 0x0000000019cf0000,0x0000000019df0000] [id=17128]
  0x0000000019eb3000 WatcherThread [stack: 0x000000001abf0000,0x000000001acf0000] [id=16796]

VM state:not at safepoint (normal execution)

VM Mutex/Monitor currently owned by a thread:  ([mutex/lock_event])
[0x00000000014bce70] CodeCache_lock - owner thread: 0x0000000000000000
[0x0000000002eb02d0] CompiledIC_lock - owner thread: 0x0000000019e31800

heap address: 0x0000000080000000, size: 2048 MB, Compressed Oops mode: 32-bit
Narrow klass base: 0x0000000000000000, Narrow klass shift: 3
Compressed class space size: 1073741824 Address: 0x0000000100000000

Heap:
 PSYoungGen      total 325632K, used 140288K [0x00000000d5580000, 0x00000000ef900000, 0x0000000100000000)
  eden space 275968K, 32% used [0x00000000d5580000,0x00000000dae01c70,0x00000000e6300000)
  from space 49664K, 99% used [0x00000000e6300000,0x00000000e937e6d0,0x00000000e9380000)
  to   space 61952K, 0% used [0x00000000ebc80000,0x00000000ebc80000,0x00000000ef900000)
 ParOldGen       total 318464K, used 116595K [0x0000000080000000, 0x0000000093700000, 0x00000000d5580000)
  object space 318464K, 36% used [0x0000000080000000,0x00000000871dcec8,0x0000000093700000)
 Metaspace       used 123556K, capacity 131018K, committed 131160K, reserved 1163264K
  class space    used 16113K, capacity 17649K, committed 17752K, reserved 1048576K

Card table byte_map: [0x0000000012370000,0x0000000012780000] byte_map_base: 0x0000000011f70000

Marking Bits: (ParMarkBitMap*) 0x000000005239f030
 Begin Bits: [0x0000000013230000, 0x0000000015230000)
 End Bits:   [0x0000000015230000, 0x0000000017230000)

Polling page: 0x0000000001480000

CodeCache: size=245760Kb used=50959Kb max_used=51196Kb free=194800Kb
 bounds [0x0000000002fb0000, 0x0000000006210000, 0x0000000011fb0000]
 total_blobs=16157 nmethods=15235 adapters=833
 compilation: enabled

Compilation events (10 events):
Event: 47.864 Thread 0x000000001802d000 18504   !   4       java.io.ObjectOutputStream::writeObject0 (619 bytes)
Event: 47.888 Thread 0x0000000019e31800 18505       1       java.lang.StackTraceElement::getLineNumber (5 bytes)
Event: 47.888 Thread 0x0000000019e31800 nmethod 18505 0x0000000003e101d0 code [0x0000000003e10320, 0x0000000003e10430]
Event: 47.890 Thread 0x0000000019e31800 18506       1       java.lang.StackTraceElement::getFileName (5 bytes)
Event: 47.890 Thread 0x0000000019e31800 nmethod 18506 0x0000000003ed0750 code [0x0000000003ed08a0, 0x0000000003ed09b0]
Event: 47.915 Thread 0x0000000019e31800 18507       3       com.google.common.base.Strings::nullToEmpty (5 bytes)
Event: 47.917 Thread 0x0000000019e31800 nmethod 18507 0x00000000031a5ad0 code [0x00000000031a5c40, 0x00000000031a5e30]
Event: 47.918 Thread 0x0000000019e31800 18508       3       com.google.common.base.Platform::nullToEmpty (11 bytes)
Event: 47.919 Thread 0x0000000019e31800 nmethod 18508 0x0000000003f10590 code [0x0000000003f106e0, 0x0000000003f10870]
Event: 47.920 Thread 0x0000000019e31800 18513       3       com.google.protobuf.CodedOutputStream::computeUInt64SizeNoTag (74 bytes)

GC Heap History (10 events):
Event: 16.293 GC heap before
{Heap before GC invocations=19 (full 3):
 PSYoungGen      total 257536K, used 161776K [0x00000000d5580000, 0x00000000e9f80000, 0x0000000100000000)
  eden space 216064K, 65% used [0x00000000d5580000,0x00000000ddf02ff8,0x00000000e2880000)
  from space 41472K, 50% used [0x00000000e2880000,0x00000000e3cf9080,0x00000000e5100000)
  to   space 40448K, 0% used [0x00000000e7800000,0x00000000e7800000,0x00000000e9f80000)
 ParOldGen       total 185344K, used 80661K [0x0000000080000000, 0x000000008b500000, 0x00000000d5580000)
  object space 185344K, 43% used [0x0000000080000000,0x0000000084ec5608,0x000000008b500000)
 Metaspace       used 92682K, capacity 98352K, committed 98496K, reserved 1134592K
  class space    used 12380K, capacity 13574K, committed 13656K, reserved 1048576K
Event: 16.340 GC heap after
Heap after GC invocations=19 (full 3):
 PSYoungGen      total 293376K, used 34501K [0x00000000d5580000, 0x00000000eae00000, 0x0000000100000000)
  eden space 252928K, 0% used [0x00000000d5580000,0x00000000d5580000,0x00000000e4c80000)
  from space 40448K, 85% used [0x00000000e7800000,0x00000000e99b1560,0x00000000e9f80000)
  to   space 44544K, 0% used [0x00000000e4c80000,0x00000000e4c80000,0x00000000e7800000)
 ParOldGen       total 185344K, used 80669K [0x0000000080000000, 0x000000008b500000, 0x00000000d5580000)
  object space 185344K, 43% used [0x0000000080000000,0x0000000084ec7608,0x000000008b500000)
 Metaspace       used 92682K, capacity 98352K, committed 98496K, reserved 1134592K
  class space    used 12380K, capacity 13574K, committed 13656K, reserved 1048576K
}
Event: 16.340 GC heap before
{Heap before GC invocations=20 (full 4):
 PSYoungGen      total 293376K, used 34501K [0x00000000d5580000, 0x00000000eae00000, 0x0000000100000000)
  eden space 252928K, 0% used [0x00000000d5580000,0x00000000d5580000,0x00000000e4c80000)
  from space 40448K, 85% used [0x00000000e7800000,0x00000000e99b1560,0x00000000e9f80000)
  to   space 44544K, 0% used [0x00000000e4c80000,0x00000000e4c80000,0x00000000e7800000)
 ParOldGen       total 185344K, used 80669K [0x0000000080000000, 0x000000008b500000, 0x00000000d5580000)
  object space 185344K, 43% used [0x0000000080000000,0x0000000084ec7608,0x000000008b500000)
 Metaspace       used 92682K, capacity 98352K, committed 98496K, reserved 1134592K
  class space    used 12380K, capacity 13574K, committed 13656K, reserved 1048576K
Event: 16.909 GC heap after
Heap after GC invocations=20 (full 4):
 PSYoungGen      total 293376K, used 0K [0x00000000d5580000, 0x00000000eae00000, 0x0000000100000000)
  eden space 252928K, 0% used [0x00000000d5580000,0x00000000d5580000,0x00000000e4c80000)
  from space 40448K, 0% used [0x00000000e7800000,0x00000000e7800000,0x00000000e9f80000)
  to   space 44544K, 0% used [0x00000000e4c80000,0x00000000e4c80000,0x00000000e7800000)
 ParOldGen       total 318464K, used 103672K [0x0000000080000000, 0x0000000093700000, 0x00000000d5580000)
  object space 318464K, 32% used [0x0000000080000000,0x000000008653e1e8,0x0000000093700000)
 Metaspace       used 92211K, capacity 96968K, committed 98496K, reserved 1134592K
  class space    used 12228K, capacity 13310K, committed 13656K, reserved 1048576K
}
Event: 28.005 GC heap before
{Heap before GC invocations=21 (full 4):
 PSYoungGen      total 293376K, used 252928K [0x00000000d5580000, 0x00000000eae00000, 0x0000000100000000)
  eden space 252928K, 100% used [0x00000000d5580000,0x00000000e4c80000,0x00000000e4c80000)
  from space 40448K, 0% used [0x00000000e7800000,0x00000000e7800000,0x00000000e9f80000)
  to   space 44544K, 0% used [0x00000000e4c80000,0x00000000e4c80000,0x00000000e7800000)
 ParOldGen       total 318464K, used 103672K [0x0000000080000000, 0x0000000093700000, 0x00000000d5580000)
  object space 318464K, 32% used [0x0000000080000000,0x000000008653e1e8,0x0000000093700000)
 Metaspace       used 95462K, capacity 100712K, committed 101208K, reserved 1136640K
  class space    used 12647K, capacity 13820K, committed 13912K, reserved 1048576K
Event: 28.037 GC heap after
Heap after GC invocations=21 (full 4):
 PSYoungGen      total 297472K, used 25098K [0x00000000d5580000, 0x00000000ebe80000, 0x0000000100000000)
  eden space 252928K, 0% used [0x00000000d5580000,0x00000000d5580000,0x00000000e4c80000)
  from space 44544K, 56% used [0x00000000e4c80000,0x00000000e6502b40,0x00000000e7800000)
  to   space 44032K, 0% used [0x00000000e9380000,0x00000000e9380000,0x00000000ebe80000)
 ParOldGen       total 318464K, used 103680K [0x0000000080000000, 0x0000000093700000, 0x00000000d5580000)
  object space 318464K, 32% used [0x0000000080000000,0x00000000865401e8,0x0000000093700000)
 Metaspace       used 95462K, capacity 100712K, committed 101208K, reserved 1136640K
  class space    used 12647K, capacity 13820K, committed 13912K, reserved 1048576K
}
Event: 38.848 GC heap before
{Heap before GC invocations=22 (full 4):
 PSYoungGen      total 297472K, used 278026K [0x00000000d5580000, 0x00000000ebe80000, 0x0000000100000000)
  eden space 252928K, 100% used [0x00000000d5580000,0x00000000e4c80000,0x00000000e4c80000)
  from space 44544K, 56% used [0x00000000e4c80000,0x00000000e6502b40,0x00000000e7800000)
  to   space 44032K, 0% used [0x00000000e9380000,0x00000000e9380000,0x00000000ebe80000)
 ParOldGen       total 318464K, used 103680K [0x0000000080000000, 0x0000000093700000, 0x00000000d5580000)
  object space 318464K, 32% used [0x0000000080000000,0x00000000865401e8,0x0000000093700000)
 Metaspace       used 100148K, capacity 105784K, committed 105944K, reserved 1140736K
  class space    used 13249K, capacity 14447K, committed 14552K, reserved 1048576K
Event: 38.925 GC heap after
Heap after GC invocations=22 (full 4):
 PSYoungGen      total 320000K, used 42199K [0x00000000d5580000, 0x00000000ec600000, 0x0000000100000000)
  eden space 275968K, 0% used [0x00000000d5580000,0x00000000d5580000,0x00000000e6300000)
  from space 44032K, 95% used [0x00000000e9380000,0x00000000ebcb5f30,0x00000000ebe80000)
  to   space 49664K, 0% used [0x00000000e6300000,0x00000000e6300000,0x00000000e9380000)
 ParOldGen       total 318464K, used 103688K [0x0000000080000000, 0x0000000093700000, 0x00000000d5580000)
  object space 318464K, 32% used [0x0000000080000000,0x00000000865421e8,0x0000000093700000)
 Metaspace       used 100148K, capacity 105784K, committed 105944K, reserved 1140736K
  class space    used 13249K, capacity 14447K, committed 14552K, reserved 1048576K
}
Event: 44.531 GC heap before
{Heap before GC invocations=23 (full 4):
 PSYoungGen      total 320000K, used 318167K [0x00000000d5580000, 0x00000000ec600000, 0x0000000100000000)
  eden space 275968K, 100% used [0x00000000d5580000,0x00000000e6300000,0x00000000e6300000)
  from space 44032K, 95% used [0x00000000e9380000,0x00000000ebcb5f30,0x00000000ebe80000)
  to   space 49664K, 0% used [0x00000000e6300000,0x00000000e6300000,0x00000000e9380000)
 ParOldGen       total 318464K, used 103688K [0x0000000080000000, 0x0000000093700000, 0x00000000d5580000)
  object space 318464K, 32% used [0x0000000080000000,0x00000000865421e8,0x0000000093700000)
 Metaspace       used 117406K, capacity 123902K, committed 124120K, reserved 1157120K
  class space    used 15326K, capacity 16743K, committed 16856K, reserved 1048576K
Event: 44.665 GC heap after
Heap after GC invocations=23 (full 4):
 PSYoungGen      total 325632K, used 49657K [0x00000000d5580000, 0x00000000ef900000, 0x0000000100000000)
  eden space 275968K, 0% used [0x00000000d5580000,0x00000000d5580000,0x00000000e6300000)
  from space 49664K, 99% used [0x00000000e6300000,0x00000000e937e6d0,0x00000000e9380000)
  to   space 61952K, 0% used [0x00000000ebc80000,0x00000000ebc80000,0x00000000ef900000)
 ParOldGen       total 318464K, used 116595K [0x0000000080000000, 0x0000000093700000, 0x00000000d5580000)
  object space 318464K, 36% used [0x0000000080000000,0x00000000871dcec8,0x0000000093700000)
 Metaspace       used 117406K, capacity 123902K, committed 124120K, reserved 1157120K
  class space    used 15326K, capacity 16743K, committed 16856K, reserved 1048576K
}

Deoptimization events (10 events):
Event: 45.590 Thread 0x00000000219d6000 Uncommon trap: reason=class_check action=maybe_recompile pc=0x0000000003e80fd4 method=java.lang.AbstractStringBuilder.append(Ljava/lang/CharSequence;II)Ljava/lang/AbstractStringBuilder; @ 18
Event: 45.599 Thread 0x00000000219d6000 Uncommon trap: reason=class_check action=maybe_recompile pc=0x00000000036c6b88 method=java.lang.AbstractStringBuilder.append(Ljava/lang/CharSequence;)Ljava/lang/AbstractStringBuilder; @ 26
Event: 45.599 Thread 0x00000000219d6000 Uncommon trap: reason=class_check action=maybe_recompile pc=0x0000000003e80fd4 method=java.lang.AbstractStringBuilder.append(Ljava/lang/CharSequence;II)Ljava/lang/AbstractStringBuilder; @ 18
Event: 45.609 Thread 0x00000000219d6000 Uncommon trap: reason=class_check action=maybe_recompile pc=0x0000000003556658 method=java.lang.AbstractStringBuilder.append(Ljava/lang/CharSequence;II)Ljava/lang/AbstractStringBuilder; @ 18
Event: 47.746 Thread 0x00000000219ca000 Uncommon trap: reason=class_check action=maybe_recompile pc=0x000000000352d2a4 method=org.gradle.internal.operations.logging.LoggingBuildOperationProgressBroadcaster.onOutput(Lorg/gradle/internal/logging/events/OutputEvent;)V @ 8
Event: 47.746 Thread 0x00000000219ca000 Uncommon trap: reason=class_check action=maybe_recompile pc=0x000000000352d2a4 method=org.gradle.internal.operations.logging.LoggingBuildOperationProgressBroadcaster.onOutput(Lorg/gradle/internal/logging/events/OutputEvent;)V @ 8
Event: 47.746 Thread 0x00000000219ca000 Uncommon trap: reason=class_check action=maybe_recompile pc=0x000000000352d2a4 method=org.gradle.internal.operations.logging.LoggingBuildOperationProgressBroadcaster.onOutput(Lorg/gradle/internal/logging/events/OutputEvent;)V @ 8
Event: 47.801 Thread 0x00000000219ca000 Uncommon trap: reason=unstable_if action=reinterpret pc=0x0000000004b6d6cc method=org.gradle.internal.operations.DefaultBuildOperationExecutor$3.stop()V @ 61
Event: 47.801 Thread 0x00000000219ca000 Uncommon trap: reason=unstable_if action=reinterpret pc=0x0000000003dbfb28 method=org.gradle.internal.operations.DefaultBuildOperationExecutor$1.execute(Lorg/gradle/internal/operations/BuildOperationDescriptor;Lorg/gradle/internal/operations/DefaultBuildO
Event: 47.902 Thread 0x000000001ae0a800 Uncommon trap: reason=bimorphic action=maybe_recompile pc=0x0000000005165ec0 method=java.util.HashMap.removeNode(ILjava/lang/Object;Ljava/lang/Object;ZZ)Ljava/util/HashMap$Node; @ 68

Classes redefined (0 events):
No events

Internal exceptions (10 events):
Event: 44.111 Thread 0x00000000219ca000 Exception <a 'sun/nio/fs/WindowsException'> (0x00000000e46586e8) thrown at [C:\src\AOSP-openjdk-git\hotspot\src\share\vm\prims\jni.cpp, line 710]
Event: 44.111 Thread 0x00000000219ca000 Exception <a 'sun/nio/fs/WindowsException'> (0x00000000e46593d8) thrown at [C:\src\AOSP-openjdk-git\hotspot\src\share\vm\prims\jni.cpp, line 710]
Event: 44.166 Thread 0x00000000219d6000 Implicit null exception at 0x0000000005d03189 to 0x0000000005d0661d
Event: 44.512 Thread 0x00000000219d6000 Exception <a 'java/lang/IncompatibleClassChangeError': Found class java.lang.Object, but interface was expected> (0x00000000e6204720) thrown at [C:\src\AOSP-openjdk-git\hotspot\src\share\vm\interpreter\linkResolver.cpp, line 653]
Event: 44.794 Thread 0x000000001fff5000 Exception <a 'java/lang/InterruptedException'> (0x00000000d5d26ec0) thrown at [C:\src\AOSP-openjdk-git\hotspot\src\share\vm\runtime\objectMonitor.cpp, line 1680]
Event: 44.964 Thread 0x00000000219d6000 Implicit null exception at 0x00000000044592a0 to 0x0000000004459379
Event: 45.551 Thread 0x00000000219d6000 Exception <a 'java/lang/NoSuchMethodError': java.lang.Object.of(Ljava/lang/Object;)Ljava/util/stream/Stream;> (0x00000000d7885b40) thrown at [C:\src\AOSP-openjdk-git\hotspot\src\share\vm\interpreter\linkResolver.cpp, line 620]
Event: 47.801 Thread 0x00000000219ca000 Exception <a 'java/lang/reflect/InvocationTargetException'> (0x00000000dab78590) thrown at [C:\src\AOSP-openjdk-git\hotspot\src\share\vm\runtime\reflection.cpp, line 1092]
Event: 47.829 Thread 0x0000000020b62000 Exception <a 'java/lang/NoSuchMethodError': <clinit>> (0x00000000d558fc48) thrown at [C:\src\AOSP-openjdk-git\hotspot\src\share\vm\prims\jni.cpp, line 1615]
Event: 47.831 Thread 0x0000000020b62000 Exception <a 'java/lang/NoSuchMethodError': <clinit>> (0x00000000dad20af8) thrown at [C:\src\AOSP-openjdk-git\hotspot\src\share\vm\prims\jni.cpp, line 1615]

Events (10 events):
Event: 47.918 Thread 0x0000000019e31800 flushing nmethod 0x000000000370f3d0
Event: 47.918 Thread 0x0000000019e31800 flushing nmethod 0x000000000373f890
Event: 47.919 Thread 0x0000000019e31800 flushing nmethod 0x000000000377b010
Event: 47.919 Thread 0x0000000019e31800 flushing nmethod 0x000000000392bed0
Event: 47.919 Thread 0x0000000019e31800 flushing nmethod 0x00000000039628d0
Event: 47.920 Thread 0x0000000019e31800 flushing nmethod 0x00000000039757d0
Event: 47.920 Thread 0x0000000019e31800 flushing nmethod 0x00000000039af510
Event: 47.920 Thread 0x0000000019e31800 flushing nmethod 0x00000000039dee90
Event: 47.920 Thread 0x0000000019e31800 flushing nmethod 0x00000000039df750
Event: 47.920 Thread 0x0000000019e31800 flushing nmethod 0x00000000039ffe10


Dynamic libraries:
0x00007ff70c590000 - 0x00007ff70c5c1000 	C:\Program Files\Android\Android Studio1\jre\bin\java.exe
0x00007ffbd8e30000 - 0x00007ffbd9025000 	C:\WINDOWS\SYSTEM32\ntdll.dll
0x00007ffbd7520000 - 0x00007ffbd75dd000 	C:\WINDOWS\System32\KERNEL32.DLL
0x00007ffbd68e0000 - 0x00007ffbd6ba9000 	C:\WINDOWS\System32\KERNELBASE.dll
0x00007ffbd6e90000 - 0x00007ffbd6f3c000 	C:\WINDOWS\System32\ADVAPI32.dll
0x00007ffbd76e0000 - 0x00007ffbd777e000 	C:\WINDOWS\System32\msvcrt.dll
0x00007ffbd8390000 - 0x00007ffbd842c000 	C:\WINDOWS\System32\sechost.dll
0x00007ffbd7200000 - 0x00007ffbd732b000 	C:\WINDOWS\System32\RPCRT4.dll
0x00007ffbd6f40000 - 0x00007ffbd70e0000 	C:\WINDOWS\System32\USER32.dll
0x00007ffbd6570000 - 0x00007ffbd6592000 	C:\WINDOWS\System32\win32u.dll
0x00007ffbd8dc0000 - 0x00007ffbd8dea000 	C:\WINDOWS\System32\GDI32.dll
0x00007ffbd6600000 - 0x00007ffbd670b000 	C:\WINDOWS\System32\gdi32full.dll
0x00007ffbd6810000 - 0x00007ffbd68ad000 	C:\WINDOWS\System32\msvcp_win.dll
0x00007ffbd6c30000 - 0x00007ffbd6d30000 	C:\WINDOWS\System32\ucrtbase.dll
0x00007ffbc64d0000 - 0x00007ffbc676a000 	C:\WINDOWS\WinSxS\amd64_microsoft.windows.common-controls_6595b64144ccf1df_6.0.19041.844_none_ca00b6081b84eb1d\COMCTL32.dll
0x00007ffbd7c10000 - 0x00007ffbd7c40000 	C:\WINDOWS\System32\IMM32.DLL
0x0000000050fc0000 - 0x0000000051092000 	C:\Program Files\Android\Android Studio1\jre\jre\bin\msvcr100.dll
0x0000000051bd0000 - 0x000000005241b000 	C:\Program Files\Android\Android Studio1\jre\jre\bin\server\jvm.dll
0x00007ffbd87a0000 - 0x00007ffbd87a8000 	C:\WINDOWS\System32\PSAPI.DLL
0x00007ffbb72e0000 - 0x00007ffbb7307000 	C:\WINDOWS\SYSTEM32\WINMM.dll
0x00007ffbc00f0000 - 0x00007ffbc00f9000 	C:\WINDOWS\SYSTEM32\WSOCK32.dll
0x00007ffbc3cf0000 - 0x00007ffbc3cfa000 	C:\WINDOWS\SYSTEM32\VERSION.dll
0x00007ffbd8c20000 - 0x00007ffbd8c8b000 	C:\WINDOWS\System32\WS2_32.dll
0x00007ffbd3ee0000 - 0x00007ffbd3eef000 	C:\Program Files\Android\Android Studio1\jre\jre\bin\verify.dll
0x00007ffbd3e70000 - 0x00007ffbd3e99000 	C:\Program Files\Android\Android Studio1\jre\jre\bin\java.dll
0x00007ffbd3cc0000 - 0x00007ffbd3cd6000 	C:\Program Files\Android\Android Studio1\jre\jre\bin\zip.dll
0x00007ffbd7c40000 - 0x00007ffbd8382000 	C:\WINDOWS\System32\SHELL32.dll
0x00007ffbd46b0000 - 0x00007ffbd4e40000 	C:\WINDOWS\SYSTEM32\windows.storage.dll
0x00007ffbd7850000 - 0x00007ffbd7ba5000 	C:\WINDOWS\System32\combase.dll
0x00007ffbd5fe0000 - 0x00007ffbd600c000 	C:\WINDOWS\SYSTEM32\Wldp.dll
0x00007ffbd7330000 - 0x00007ffbd73de000 	C:\WINDOWS\System32\SHCORE.dll
0x00007ffbd7670000 - 0x00007ffbd76c5000 	C:\WINDOWS\System32\shlwapi.dll
0x00007ffbd64b0000 - 0x00007ffbd64cf000 	C:\WINDOWS\SYSTEM32\profapi.dll
0x00007ffbd3bc0000 - 0x00007ffbd3bda000 	C:\Program Files\Android\Android Studio1\jre\jre\bin\net.dll
0x00007ffbd5d60000 - 0x00007ffbd5dca000 	C:\WINDOWS\system32\mswsock.dll
0x00007ffbd18a0000 - 0x00007ffbd18b3000 	C:\Program Files\Android\Android Studio1\jre\jre\bin\nio.dll
0x00007ffbcfdc0000 - 0x00007ffbcfde7000 	C:\Users\Administrator\.gradle\native\f6784746aeab05261644944871eae4fe03e0ef1612fff0a4a95f87b438bc6780\windows-amd64\native-platform.dll
0x00007ffbd3bb0000 - 0x00007ffbd3bbd000 	C:\Program Files\Android\Android Studio1\jre\jre\bin\management.dll
0x00007ffbd5f30000 - 0x00007ffbd5f48000 	C:\WINDOWS\SYSTEM32\CRYPTSP.dll
0x00007ffbd5690000 - 0x00007ffbd56c4000 	C:\WINDOWS\system32\rsaenh.dll
0x00007ffbd68b0000 - 0x00007ffbd68d7000 	C:\WINDOWS\System32\bcrypt.dll
0x00007ffbd6470000 - 0x00007ffbd649e000 	C:\WINDOWS\SYSTEM32\USERENV.dll
0x00007ffbd6bb0000 - 0x00007ffbd6c30000 	C:\WINDOWS\System32\bcryptprimitives.dll
0x00007ffbd5f50000 - 0x00007ffbd5f5c000 	C:\WINDOWS\SYSTEM32\CRYPTBASE.dll
0x00007ffbd5a00000 - 0x00007ffbd5a3b000 	C:\WINDOWS\SYSTEM32\IPHLPAPI.DLL
0x00007ffbd85c0000 - 0x00007ffbd85c8000 	C:\WINDOWS\System32\NSI.dll
0x00007ffbce5b0000 - 0x00007ffbce5c7000 	C:\WINDOWS\SYSTEM32\dhcpcsvc6.DLL
0x00007ffbce640000 - 0x00007ffbce65d000 	C:\WINDOWS\SYSTEM32\dhcpcsvc.DLL
0x00007ffbd5a40000 - 0x00007ffbd5b0b000 	C:\WINDOWS\SYSTEM32\DNSAPI.dll
0x00007ffbceaf0000 - 0x00007ffbceafb000 	C:\WINDOWS\SYSTEM32\WINNSI.DLL
0x00007ffbd52c0000 - 0x00007ffbd52f3000 	C:\WINDOWS\SYSTEM32\ntmarta.dll
0x00007ffbd1880000 - 0x00007ffbd189e000 	C:\Users\Administrator\AppData\Local\Temp\native-platform6762808111238413435dir\native-platform.dll

VM Arguments:
jvm_args: -Xmx2048m -Dfile.encoding=UTF-8 -Duser.country=US -Duser.language=en -Duser.variant 
java_command: org.gradle.launcher.daemon.bootstrap.GradleDaemon 6.5
java_class_path (initial): C:\Users\Administrator\.gradle\wrapper\dists\gradle-6.5-bin\6nifqtx7604sqp1q6g8wikw7p\gradle-6.5\lib\gradle-launcher-6.5.jar
Launcher Type: SUN_STANDARD

Environment Variables:
JAVA_HOME=C:\Program Files\Java\jdk1.8.0_231
CLASSPATH=.;
PATH=C:\Program Files (x86)\Common Files\Oracle\Java\javapath;C:\Python27\;C:\Python27\Scripts;C:\Program Files\Java\jdk1.8.0_201\bin;C:\Program Files\Java\jdk1.8.0_201\lib;C:\Program Files\Java\jdk1.8.0_231\bin;E:\tomcat\apache-maven-3.6.2\bin;C:\ProgramData\chocolatey\bin;C:\Windows\System32\;C:\Program Files\nodejs\;C:\Program Files\Java\jdk1.8.0_231\bin;C:\WINDOWS\system32;C:\WINDOWS;C:\WINDOWS\System32\Wbem;C:\WINDOWS\System32\WindowsPowerShell\v1.0\;C:\WINDOWS\System32\OpenSSH\;C:\Users\EnigmaCamp\AppData\Local\Android\Sdk\platform-tools;E:\FINAL PROJECT\front-end-tanker-squad\sonar-scanner-4.2.0.1873-macosx\bin;C:\Program Files\Dart\dart-sdk\bin;E:\gradle-6.8\bin;C:\Users\Administrator\AppData\Local\Microsoft\WindowsApps;C:\Users\Administrator\AppData\Roaming\npm;C:\Program Files\Git\bin\;C:\Program Files\Git\cmd\;
USERNAME=Administrator
OS=Windows_NT
PROCESSOR_IDENTIFIER=Intel64 Family 6 Model 142 Stepping 10, GenuineIntel



---------------  S Y S T E M  ---------------

OS: Windows 10.0 , 64 bit Build 19041 (10.0.19041.804)

CPU:total 8 (initial active 8) (4 cores per cpu, 2 threads per core) family 6 model 142 stepping 10, cmov, cx8, fxsr, mmx, sse, sse2, sse3, ssse3, sse4.1, sse4.2, popcnt, avx, avx2, aes, clmul, erms, 3dnowpref, lzcnt, ht, tsc, tscinvbit, bmi1, bmi2, adx

Memory: 4k page, physical 12410764k(454400k free), swap 25517960k(5776k free)

vm_info: OpenJDK 64-Bit Server VM (25.242-b01) for windows-amd64 JRE (1.8.0_242-release-1644-b01), built by "builder" with MS VC++ 10.0 (VS2010)

time: Thu Apr 15 09:29:26 2021
timezone: SE Asia Standard Time
elapsed time: 47 seconds (0d 0h 0m 47s)

